<?xml version="1.0" encoding="UTF-8"?>
<!-- Generated by org.testng.reporters.JUnitReportReporter -->
<testsuite hostname="Ryota" failures="0" tests="18" name="myTestCase" time="11.933" errors="0" timestamp="2024-10-06T19:48:24 AST" skipped="16">
  <testcase classname="myTestCase" name="fitness" time="2.532"/>
  <system-out/>
  <testcase classname="myTestCase" name="select" time="9.401"/>
  <system-out/>
  <testcase classname="myTestCase" name="men">
    <skipped/>
  </testcase> <!-- men -->
  <system-out/>
  <testcase classname="myTestCase" name="orderSummaryZipCode">
    <skipped/>
  </testcase> <!-- orderSummaryZipCode -->
  <system-out/>
  <testcase classname="myTestCase" name="orderSummaryAddress">
    <skipped/>
  </testcase> <!-- orderSummaryAddress -->
  <system-out/>
  <testcase classname="myTestCase" name="signIn">
    <skipped/>
  </testcase> <!-- signIn -->
  <system-out/>
  <testcase classname="myTestCase" name="success">
    <skipped/>
  </testcase> <!-- success -->
  <system-out/>
  <testcase classname="myTestCase" name="subscription">
    <skipped/>
  </testcase> <!-- subscription -->
  <system-out/>
  <testcase classname="myTestCase" name="sigOut">
    <skipped/>
  </testcase> <!-- sigOut -->
  <system-out/>
  <testcase classname="myTestCase" name="orderSummaryCity">
    <skipped/>
  </testcase> <!-- orderSummaryCity -->
  <system-out/>
  <testcase classname="myTestCase" name="orderSummaryCountry">
    <skipped/>
  </testcase> <!-- orderSummaryCountry -->
  <system-out/>
  <testcase classname="myTestCase" name="orderSummaryphoneNumber">
    <skipped/>
  </testcase> <!-- orderSummaryphoneNumber -->
  <system-out/>
  <testcase classname="myTestCase" name="subscribe">
    <skipped/>
  </testcase> <!-- subscribe -->
  <system-out/>
  <testcase classname="myTestCase" name="registerInfo">
    <skipped/>
  </testcase> <!-- registerInfo -->
  <system-out/>
  <testcase classname="myTestCase" name="createAnAccount">
    <skipped/>
  </testcase> <!-- createAnAccount -->
  <system-out/>
  <testcase classname="myTestCase" name="women">
    <skipped/>
  </testcase> <!-- women -->
  <system-out/>
  <testcase classname="myTestCase" name="placeOrder">
    <skipped/>
  </testcase> <!-- placeOrder -->
  <system-out/>
  <testcase classname="myTestCase" name="bags">
    <skipped/>
  </testcase> <!-- bags -->
  <system-out/>
</testsuite> <!-- myTestCase -->
